# JRE version: OpenJDK Runtime Environment (21.0.3) (build 21.0.3+-12282718-b509.11)
# Java VM: OpenJDK 64-Bit Server VM (21.0.3+-12282718-b509.11, mixed mode, tiered, compressed oops, compressed class ptrs, g1 gc, windows-amd64)
GC Precious Log:
 CardTable entry size: 512
 Card Set container configuration: InlinePtr #cards 5 size 8 Array Of Cards #cards 12 size 40 Howl #buckets 4 coarsen threshold 1843 Howl Bitmap #cards 512 size 80 coarsen threshold 460 Card regions per heap region 1 cards per card region 2048
 CPUs: 4 total, 4 available
 Memory: 7973M
 Large Page Support: Disabled
 NUMA Support: Disabled
 Compressed Oops: Enabled (32-bit)
 Heap Region Size: 1M
 Heap Min Capacity: 8M
 Heap Initial Capacity: 126M
 Heap Max Capacity: 2G
 Pre-touch: Disabled
 Parallel Workers: 4
 Concurrent Workers: 1
 Concurrent Refinement Workers: 4
 Periodic GC: Disabled
Heap:
 garbage-first heap   total 347136K, used 295936K [0x0000000080000000, 0x0000000100000000)
  region size 1024K, 5 young (5120K), 5 survivors (5120K)
 Metaspace       used 130462K, committed 132672K, reserved 1179648K
  class space    used 17616K, committed 18752K, reserved 1048576K
GC Heap History (20 events):
Event: 23.356 GC heap after
{Heap after GC invocations=43 (full 0):
 garbage-first heap   total 188416K, used 110592K [0x0000000080000000, 0x0000000100000000)
  region size 1024K, 7 young (7168K), 7 survivors (7168K)
 Metaspace       used 110222K, committed 112256K, reserved 1179648K
  class space    used 15271K, committed 16320K, reserved 1048576K
}
Event: 23.977 GC heap before
{Heap before GC invocations=43 (full 0):
 garbage-first heap   total 188416K, used 171008K [0x0000000080000000, 0x0000000100000000)
  region size 1024K, 66 young (67584K), 7 survivors (7168K)
 Metaspace       used 110230K, committed 112256K, reserved 1179648K
  class space    used 15271K, committed 16320K, reserved 1048576K
}
Event: 23.988 GC heap after
{Heap after GC invocations=44 (full 0):
 garbage-first heap   total 226304K, used 111998K [0x0000000080000000, 0x0000000100000000)
  region size 1024K, 5 young (5120K), 5 survivors (5120K)
 Metaspace       used 110230K, committed 112256K, reserved 1179648K
  class space    used 15271K, committed 16320K, reserved 1048576K
}
Event: 25.851 GC heap before
{Heap before GC invocations=44 (full 0):
 garbage-first heap   total 226304K, used 204158K [0x0000000080000000, 0x0000000100000000)
  region size 1024K, 96 young (98304K), 5 survivors (5120K)
 Metaspace       used 110738K, committed 112832K, reserved 1179648K
  class space    used 15366K, committed 16384K, reserved 1048576K
}
Event: 25.864 GC heap after
{Heap after GC invocations=45 (full 0):
 garbage-first heap   total 226304K, used 114768K [0x0000000080000000, 0x0000000100000000)
  region size 1024K, 8 young (8192K), 8 survivors (8192K)
 Metaspace       used 110738K, committed 112832K, reserved 1179648K
  class space    used 15366K, committed 16384K, reserved 1048576K
}
Event: 26.573 GC heap before
{Heap before GC invocations=45 (full 0):
 garbage-first heap   total 226304K, used 203856K [0x0000000080000000, 0x0000000100000000)
  region size 1024K, 96 young (98304K), 8 survivors (8192K)
 Metaspace       used 110977K, committed 113088K, reserved 1179648K
  class space    used 15398K, committed 16448K, reserved 1048576K
}
Event: 26.585 GC heap after
{Heap after GC invocations=46 (full 0):
 garbage-first heap   total 226304K, used 118371K [0x0000000080000000, 0x0000000100000000)
  region size 1024K, 10 young (10240K), 10 survivors (10240K)
 Metaspace       used 110977K, committed 113088K, reserved 1179648K
  class space    used 15398K, committed 16448K, reserved 1048576K
}
Event: 27.417 GC heap before
{Heap before GC invocations=46 (full 0):
 garbage-first heap   total 226304K, used 182883K [0x0000000080000000, 0x0000000100000000)
  region size 1024K, 75 young (76800K), 10 survivors (10240K)
 Metaspace       used 111678K, committed 113728K, reserved 1179648K
  class space    used 15502K, committed 16512K, reserved 1048576K
}
Event: 27.433 GC heap after
{Heap after GC invocations=47 (full 0):
 garbage-first heap   total 226304K, used 120537K [0x0000000080000000, 0x0000000100000000)
  region size 1024K, 8 young (8192K), 8 survivors (8192K)
 Metaspace       used 111678K, committed 113728K, reserved 1179648K
  class space    used 15502K, committed 16512K, reserved 1048576K
}
Event: 29.756 GC heap before
{Heap before GC invocations=48 (full 0):
 garbage-first heap   total 226304K, used 213721K [0x0000000080000000, 0x0000000100000000)
  region size 1024K, 91 young (93184K), 8 survivors (8192K)
 Metaspace       used 121233K, committed 123456K, reserved 1179648K
  class space    used 16580K, committed 17728K, reserved 1048576K
}
Event: 29.792 GC heap after
{Heap after GC invocations=49 (full 0):
 garbage-first heap   total 235520K, used 134570K [0x0000000080000000, 0x0000000100000000)
  region size 1024K, 12 young (12288K), 12 survivors (12288K)
 Metaspace       used 121233K, committed 123456K, reserved 1179648K
  class space    used 16580K, committed 17728K, reserved 1048576K
}
Event: 31.242 GC heap before
{Heap before GC invocations=49 (full 0):
 garbage-first heap   total 235520K, used 211370K [0x0000000080000000, 0x0000000100000000)
  region size 1024K, 86 young (88064K), 12 survivors (12288K)
 Metaspace       used 125431K, committed 127616K, reserved 1179648K
  class space    used 16937K, committed 18048K, reserved 1048576K
}
Event: 31.332 GC heap after
{Heap after GC invocations=50 (full 0):
 garbage-first heap   total 280576K, used 186368K [0x0000000080000000, 0x0000000100000000)
  region size 1024K, 11 young (11264K), 11 survivors (11264K)
 Metaspace       used 125431K, committed 127616K, reserved 1179648K
  class space    used 16937K, committed 18048K, reserved 1048576K
}
Event: 31.848 GC heap before
{Heap before GC invocations=50 (full 0):
 garbage-first heap   total 280576K, used 216064K [0x0000000080000000, 0x0000000100000000)
  region size 1024K, 41 young (41984K), 11 survivors (11264K)
 Metaspace       used 129334K, committed 131584K, reserved 1179648K
  class space    used 17509K, committed 18688K, reserved 1048576K
}
Event: 31.868 GC heap after
{Heap after GC invocations=51 (full 0):
 garbage-first heap   total 280576K, used 190976K [0x0000000080000000, 0x0000000100000000)
  region size 1024K, 4 young (4096K), 4 survivors (4096K)
 Metaspace       used 129334K, committed 131584K, reserved 1179648K
  class space    used 17509K, committed 18688K, reserved 1048576K
}
Event: 33.430 GC heap before
{Heap before GC invocations=52 (full 0):
 garbage-first heap   total 347136K, used 236032K [0x0000000080000000, 0x0000000100000000)
  region size 1024K, 47 young (48128K), 4 survivors (4096K)
 Metaspace       used 130432K, committed 132672K, reserved 1179648K
  class space    used 17616K, committed 18752K, reserved 1048576K
}
Event: 33.460 GC heap after
{Heap after GC invocations=53 (full 0):
 garbage-first heap   total 347136K, used 221696K [0x0000000080000000, 0x0000000100000000)
  region size 1024K, 6 young (6144K), 6 survivors (6144K)
 Metaspace       used 130432K, committed 132672K, reserved 1179648K
  class space    used 17616K, committed 18752K, reserved 1048576K
}
Event: 33.983 GC heap before
{Heap before GC invocations=53 (full 0):
 garbage-first heap   total 347136K, used 276992K [0x0000000080000000, 0x0000000100000000)
  region size 1024K, 60 young (61440K), 6 survivors (6144K)
 Metaspace       used 130462K, committed 132672K, reserved 1179648K
  class space    used 17616K, committed 18752K, reserved 1048576K
}
Event: 34.070 GC heap after
{Heap after GC invocations=54 (full 0):
 garbage-first heap   total 347136K, used 266752K [0x0000000080000000, 0x0000000100000000)
  region size 1024K, 8 young (8192K), 8 survivors (8192K)
 Metaspace       used 130462K, committed 132672K, reserved 1179648K
  class space    used 17616K, committed 18752K, reserved 1048576K
}
Event: 34.127 GC heap before
{Heap before GC invocations=54 (full 0):
 garbage-first heap   total 347136K, used 295424K [0x0000000080000000, 0x0000000100000000)
  region size 1024K, 36 young (36864K), 8 survivors (8192K)
 Metaspace       used 130462K, committed 132672K, reserved 1179648K
  class space    used 17616K, committed 18752K, reserved 1048576K
}

