# JRE version: OpenJDK Runtime Environment (21.0.3) (build 21.0.3+-12282718-b509.11)
# Java VM: OpenJDK 64-Bit Server VM (21.0.3+-12282718-b509.11, mixed mode, tiered, compressed oops, compressed class ptrs, g1 gc, windows-amd64)
GC Precious Log:
 CardTable entry size: 512
 Card Set container configuration: InlinePtr #cards 5 size 8 Array Of Cards #cards 12 size 40 Howl #buckets 4 coarsen threshold 1843 Howl Bitmap #cards 512 size 80 coarsen threshold 460 Card regions per heap region 1 cards per card region 2048
 CPUs: 4 total, 4 available
 Memory: 7973M
 Large Page Support: Disabled
 NUMA Support: Disabled
 Compressed Oops: Enabled (32-bit)
 Heap Region Size: 1M
 Heap Min Capacity: 8M
 Heap Initial Capacity: 126M
 Heap Max Capacity: 2G
 Pre-touch: Disabled
 Parallel Workers: 4
 Concurrent Workers: 1
 Concurrent Refinement Workers: 4
 Periodic GC: Disabled
Heap:
 garbage-first heap   total 438272K, used 230881K [0x0000000080000000, 0x0000000100000000)
  region size 1024K, 24 young (24576K), 24 survivors (24576K)
 Metaspace       used 166377K, committed 168832K, reserved 1245184K
  class space    used 21790K, committed 23424K, reserved 1048576K
GC Heap History (20 events):
Event: 1404.829 GC heap after
{Heap after GC invocations=74 (full 0):
 garbage-first heap   total 438272K, used 190030K [0x0000000080000000, 0x0000000100000000)
  region size 1024K, 2 young (2048K), 2 survivors (2048K)
 Metaspace       used 164954K, committed 167424K, reserved 1245184K
  class space    used 22095K, committed 23360K, reserved 1048576K
}
Event: 2323.708 GC heap before
{Heap before GC invocations=75 (full 0):
 garbage-first heap   total 438272K, used 314958K [0x0000000080000000, 0x0000000100000000)
  region size 1024K, 125 young (128000K), 2 survivors (2048K)
 Metaspace       used 165249K, committed 167680K, reserved 1245184K
  class space    used 22101K, committed 23360K, reserved 1048576K
}
Event: 2323.853 GC heap after
{Heap after GC invocations=76 (full 0):
 garbage-first heap   total 438272K, used 199992K [0x0000000080000000, 0x0000000100000000)
  region size 1024K, 12 young (12288K), 12 survivors (12288K)
 Metaspace       used 165249K, committed 167680K, reserved 1245184K
  class space    used 22101K, committed 23360K, reserved 1048576K
}
Event: 2363.172 GC heap before
{Heap before GC invocations=76 (full 0):
 garbage-first heap   total 438272K, used 399672K [0x0000000080000000, 0x0000000100000000)
  region size 1024K, 208 young (212992K), 12 survivors (12288K)
 Metaspace       used 165582K, committed 168064K, reserved 1245184K
  class space    used 22127K, committed 23424K, reserved 1048576K
}
Event: 2363.299 GC heap after
{Heap after GC invocations=77 (full 0):
 garbage-first heap   total 438272K, used 211160K [0x0000000080000000, 0x0000000100000000)
  region size 1024K, 26 young (26624K), 26 survivors (26624K)
 Metaspace       used 165582K, committed 168064K, reserved 1245184K
  class space    used 22127K, committed 23424K, reserved 1048576K
}
Event: 2363.306 GC heap before
{Heap before GC invocations=77 (full 0):
 garbage-first heap   total 438272K, used 212184K [0x0000000080000000, 0x0000000100000000)
  region size 1024K, 27 young (27648K), 26 survivors (26624K)
 Metaspace       used 165582K, committed 168064K, reserved 1245184K
  class space    used 22127K, committed 23424K, reserved 1048576K
}
Event: 2363.361 GC heap after
{Heap after GC invocations=78 (full 0):
 garbage-first heap   total 438272K, used 213504K [0x0000000080000000, 0x0000000100000000)
  region size 1024K, 2 young (2048K), 2 survivors (2048K)
 Metaspace       used 165582K, committed 168064K, reserved 1245184K
  class space    used 22127K, committed 23424K, reserved 1048576K
}
Event: 2364.141 GC heap before
{Heap before GC invocations=78 (full 0):
 garbage-first heap   total 438272K, used 260608K [0x0000000080000000, 0x0000000100000000)
  region size 1024K, 49 young (50176K), 2 survivors (2048K)
 Metaspace       used 165606K, committed 168128K, reserved 1245184K
  class space    used 22127K, committed 23424K, reserved 1048576K
}
Event: 2364.150 GC heap after
{Heap after GC invocations=79 (full 0):
 garbage-first heap   total 438272K, used 217643K [0x0000000080000000, 0x0000000100000000)
  region size 1024K, 6 young (6144K), 6 survivors (6144K)
 Metaspace       used 165606K, committed 168128K, reserved 1245184K
  class space    used 22127K, committed 23424K, reserved 1048576K
}
Event: 2366.919 GC heap before
{Heap before GC invocations=80 (full 0):
 garbage-first heap   total 438272K, used 374315K [0x0000000080000000, 0x0000000100000000)
  region size 1024K, 135 young (138240K), 6 survivors (6144K)
 Metaspace       used 163011K, committed 168192K, reserved 1245184K
  class space    used 21471K, committed 23424K, reserved 1048576K
}
Event: 2366.926 GC heap after
{Heap after GC invocations=81 (full 0):
 garbage-first heap   total 438272K, used 214768K [0x0000000080000000, 0x0000000100000000)
  region size 1024K, 5 young (5120K), 5 survivors (5120K)
 Metaspace       used 163011K, committed 168192K, reserved 1245184K
  class space    used 21471K, committed 23424K, reserved 1048576K
}
Event: 2436.914 GC heap before
{Heap before GC invocations=81 (full 0):
 garbage-first heap   total 438272K, used 403184K [0x0000000080000000, 0x0000000100000000)
  region size 1024K, 190 young (194560K), 5 survivors (5120K)
 Metaspace       used 165822K, committed 168576K, reserved 1245184K
  class space    used 21777K, committed 23424K, reserved 1048576K
}
Event: 2437.287 GC heap after
{Heap after GC invocations=82 (full 0):
 garbage-first heap   total 438272K, used 207364K [0x0000000080000000, 0x0000000100000000)
  region size 1024K, 23 young (23552K), 23 survivors (23552K)
 Metaspace       used 165822K, committed 168576K, reserved 1245184K
  class space    used 21777K, committed 23424K, reserved 1048576K
}
Event: 2437.359 GC heap before
{Heap before GC invocations=82 (full 0):
 garbage-first heap   total 438272K, used 208388K [0x0000000080000000, 0x0000000100000000)
  region size 1024K, 24 young (24576K), 23 survivors (23552K)
 Metaspace       used 165844K, committed 168640K, reserved 1245184K
  class space    used 21779K, committed 23424K, reserved 1048576K
}
Event: 2437.606 GC heap after
{Heap after GC invocations=83 (full 0):
 garbage-first heap   total 438272K, used 206336K [0x0000000080000000, 0x0000000100000000)
  region size 1024K, 2 young (2048K), 2 survivors (2048K)
 Metaspace       used 165844K, committed 168640K, reserved 1245184K
  class space    used 21779K, committed 23424K, reserved 1048576K
}
Event: 2506.723 GC heap before
{Heap before GC invocations=83 (full 0):
 garbage-first heap   total 438272K, used 299520K [0x0000000080000000, 0x0000000100000000)
  region size 1024K, 67 young (68608K), 2 survivors (2048K)
 Metaspace       used 166023K, committed 168704K, reserved 1245184K
  class space    used 21786K, committed 23424K, reserved 1048576K
}
Event: 2506.835 GC heap after
{Heap after GC invocations=84 (full 0):
 garbage-first heap   total 438272K, used 205824K [0x0000000080000000, 0x0000000100000000)
  region size 1024K, 3 young (3072K), 3 survivors (3072K)
 Metaspace       used 166023K, committed 168704K, reserved 1245184K
  class space    used 21786K, committed 23424K, reserved 1048576K
}
Event: 2508.963 GC heap before
{Heap before GC invocations=84 (full 0):
 garbage-first heap   total 438272K, used 303104K [0x0000000080000000, 0x0000000100000000)
  region size 1024K, 99 young (101376K), 3 survivors (3072K)
 Metaspace       used 166162K, committed 168704K, reserved 1245184K
  class space    used 21787K, committed 23424K, reserved 1048576K
}
Event: 2509.077 GC heap after
{Heap after GC invocations=85 (full 0):
 garbage-first heap   total 438272K, used 214520K [0x0000000080000000, 0x0000000100000000)
  region size 1024K, 13 young (13312K), 13 survivors (13312K)
 Metaspace       used 166162K, committed 168704K, reserved 1245184K
  class space    used 21787K, committed 23424K, reserved 1048576K
}
Event: 2697.272 GC heap before
{Heap before GC invocations=85 (full 0):
 garbage-first heap   total 438272K, used 393720K [0x0000000080000000, 0x0000000100000000)
  region size 1024K, 189 young (193536K), 13 survivors (13312K)
 Metaspace       used 166377K, committed 168832K, reserved 1245184K
  class space    used 21790K, committed 23424K, reserved 1048576K
}

