# JRE version: OpenJDK Runtime Environment (21.0.3) (build 21.0.3+-12282718-b509.11)
# Java VM: OpenJDK 64-Bit Server VM (21.0.3+-12282718-b509.11, mixed mode, tiered, compressed oops, compressed class ptrs, g1 gc, windows-amd64)
GC Precious Log:
 CardTable entry size: 512
 Card Set container configuration: InlinePtr #cards 5 size 8 Array Of Cards #cards 12 size 40 Howl #buckets 4 coarsen threshold 1843 Howl Bitmap #cards 512 size 80 coarsen threshold 460 Card regions per heap region 1 cards per card region 2048
 CPUs: 4 total, 4 available
 Memory: 7973M
 Large Page Support: Disabled
 NUMA Support: Disabled
 Compressed Oops: Enabled (32-bit)
 Heap Region Size: 1M
 Heap Min Capacity: 8M
 Heap Initial Capacity: 126M
 Heap Max Capacity: 2G
 Pre-touch: Disabled
 Parallel Workers: 4
 Concurrent Workers: 1
 Concurrent Refinement Workers: 4
 Periodic GC: Disabled
Heap:
 garbage-first heap   total 299008K, used 254464K [0x0000000080000000, 0x0000000100000000)
  region size 1024K, 100 young (102400K), 14 survivors (14336K)
 Metaspace       used 143470K, committed 145792K, reserved 1179648K
  class space    used 19613K, committed 20800K, reserved 1048576K
GC Heap History (20 events):
Event: 32.337 GC heap before
{Heap before GC invocations=56 (full 0):
 garbage-first heap   total 266240K, used 216927K [0x0000000080000000, 0x0000000100000000)
  region size 1024K, 94 young (96256K), 10 survivors (10240K)
 Metaspace       used 117036K, committed 119232K, reserved 1179648K
  class space    used 16144K, committed 17280K, reserved 1048576K
}
Event: 32.370 GC heap after
{Heap after GC invocations=57 (full 0):
 garbage-first heap   total 266240K, used 131941K [0x0000000080000000, 0x0000000100000000)
  region size 1024K, 6 young (6144K), 6 survivors (6144K)
 Metaspace       used 117036K, committed 119232K, reserved 1179648K
  class space    used 16144K, committed 17280K, reserved 1048576K
}
Event: 34.179 GC heap before
{Heap before GC invocations=57 (full 0):
 garbage-first heap   total 266240K, used 236389K [0x0000000080000000, 0x0000000100000000)
  region size 1024K, 109 young (111616K), 6 survivors (6144K)
 Metaspace       used 127425K, committed 129664K, reserved 1179648K
  class space    used 17741K, committed 18880K, reserved 1048576K
}
Event: 34.208 GC heap after
{Heap after GC invocations=58 (full 0):
 garbage-first heap   total 266240K, used 141169K [0x0000000080000000, 0x0000000100000000)
  region size 1024K, 14 young (14336K), 14 survivors (14336K)
 Metaspace       used 127425K, committed 129664K, reserved 1179648K
  class space    used 17741K, committed 18880K, reserved 1048576K
}
Event: 36.200 GC heap before
{Heap before GC invocations=58 (full 0):
 garbage-first heap   total 266240K, used 236401K [0x0000000080000000, 0x0000000100000000)
  region size 1024K, 108 young (110592K), 14 survivors (14336K)
 Metaspace       used 131557K, committed 133824K, reserved 1179648K
  class space    used 18200K, committed 19328K, reserved 1048576K
}
Event: 36.226 GC heap after
{Heap after GC invocations=59 (full 0):
 garbage-first heap   total 266240K, used 144326K [0x0000000080000000, 0x0000000100000000)
  region size 1024K, 3 young (3072K), 3 survivors (3072K)
 Metaspace       used 131557K, committed 133824K, reserved 1179648K
  class space    used 18200K, committed 19328K, reserved 1048576K
}
Event: 38.759 GC heap before
{Heap before GC invocations=60 (full 0):
 garbage-first heap   total 266240K, used 241606K [0x0000000080000000, 0x0000000100000000)
  region size 1024K, 99 young (101376K), 3 survivors (3072K)
 Metaspace       used 132970K, committed 135232K, reserved 1179648K
  class space    used 18400K, committed 19520K, reserved 1048576K
}
Event: 38.769 GC heap after
{Heap after GC invocations=61 (full 0):
 garbage-first heap   total 266240K, used 142499K [0x0000000080000000, 0x0000000100000000)
  region size 1024K, 3 young (3072K), 3 survivors (3072K)
 Metaspace       used 132970K, committed 135232K, reserved 1179648K
  class space    used 18400K, committed 19520K, reserved 1048576K
}
Event: 40.558 GC heap before
{Heap before GC invocations=61 (full 0):
 garbage-first heap   total 266240K, used 244899K [0x0000000080000000, 0x0000000100000000)
  region size 1024K, 104 young (106496K), 3 survivors (3072K)
 Metaspace       used 133676K, committed 135936K, reserved 1179648K
  class space    used 18463K, committed 19584K, reserved 1048576K
}
Event: 40.584 GC heap after
{Heap after GC invocations=62 (full 0):
 garbage-first heap   total 266240K, used 140441K [0x0000000080000000, 0x0000000100000000)
  region size 1024K, 3 young (3072K), 3 survivors (3072K)
 Metaspace       used 133676K, committed 135936K, reserved 1179648K
  class space    used 18463K, committed 19584K, reserved 1048576K
}
Event: 42.625 GC heap before
{Heap before GC invocations=62 (full 0):
 garbage-first heap   total 266240K, used 193689K [0x0000000080000000, 0x0000000100000000)
  region size 1024K, 57 young (58368K), 3 survivors (3072K)
 Metaspace       used 136893K, committed 139136K, reserved 1179648K
  class space    used 18899K, committed 20032K, reserved 1048576K
}
Event: 42.636 GC heap after
{Heap after GC invocations=63 (full 0):
 garbage-first heap   total 266240K, used 145938K [0x0000000080000000, 0x0000000100000000)
  region size 1024K, 9 young (9216K), 9 survivors (9216K)
 Metaspace       used 136893K, committed 139136K, reserved 1179648K
  class space    used 18899K, committed 20032K, reserved 1048576K
}
Event: 98.049 GC heap before
{Heap before GC invocations=64 (full 0):
 garbage-first heap   total 299008K, used 265746K [0x0000000080000000, 0x0000000100000000)
  region size 1024K, 100 young (102400K), 9 survivors (9216K)
 Metaspace       used 138309K, committed 140544K, reserved 1179648K
  class space    used 19050K, committed 20160K, reserved 1048576K
}
Event: 98.091 GC heap after
{Heap after GC invocations=65 (full 0):
 garbage-first heap   total 299008K, used 152626K [0x0000000080000000, 0x0000000100000000)
  region size 1024K, 13 young (13312K), 13 survivors (13312K)
 Metaspace       used 138309K, committed 140544K, reserved 1179648K
  class space    used 19050K, committed 20160K, reserved 1048576K
}
Event: 130.092 GC heap before
{Heap before GC invocations=65 (full 0):
 garbage-first heap   total 299008K, used 268338K [0x0000000080000000, 0x0000000100000000)
  region size 1024K, 126 young (129024K), 13 survivors (13312K)
 Metaspace       used 138725K, committed 140928K, reserved 1179648K
  class space    used 19057K, committed 20160K, reserved 1048576K
}
Event: 130.218 GC heap after
{Heap after GC invocations=66 (full 0):
 garbage-first heap   total 299008K, used 156414K [0x0000000080000000, 0x0000000100000000)
  region size 1024K, 16 young (16384K), 16 survivors (16384K)
 Metaspace       used 138725K, committed 140928K, reserved 1179648K
  class space    used 19057K, committed 20160K, reserved 1048576K
}
Event: 134.170 GC heap before
{Heap before GC invocations=66 (full 0):
 garbage-first heap   total 299008K, used 264958K [0x0000000080000000, 0x0000000100000000)
  region size 1024K, 123 young (125952K), 16 survivors (16384K)
 Metaspace       used 139043K, committed 141312K, reserved 1179648K
  class space    used 19060K, committed 20224K, reserved 1048576K
}
Event: 134.216 GC heap after
{Heap after GC invocations=67 (full 0):
 garbage-first heap   total 299008K, used 157184K [0x0000000080000000, 0x0000000100000000)
  region size 1024K, 3 young (3072K), 3 survivors (3072K)
 Metaspace       used 139043K, committed 141312K, reserved 1179648K
  class space    used 19060K, committed 20224K, reserved 1048576K
}
Event: 219.140 GC heap before
{Heap before GC invocations=68 (full 0):
 garbage-first heap   total 299008K, used 273919K [0x0000000080000000, 0x0000000100000000)
  region size 1024K, 118 young (120832K), 3 survivors (3072K)
 Metaspace       used 139330K, committed 141632K, reserved 1179648K
  class space    used 19073K, committed 20224K, reserved 1048576K
}
Event: 219.202 GC heap after
{Heap after GC invocations=69 (full 0):
 garbage-first heap   total 299008K, used 168448K [0x0000000080000000, 0x0000000100000000)
  region size 1024K, 14 young (14336K), 14 survivors (14336K)
 Metaspace       used 139330K, committed 141632K, reserved 1179648K
  class space    used 19073K, committed 20224K, reserved 1048576K
}

