# JRE version: OpenJDK Runtime Environment (21.0.3) (build 21.0.3+-12282718-b509.11)
# Java VM: OpenJDK 64-Bit Server VM (21.0.3+-12282718-b509.11, mixed mode, tiered, compressed oops, compressed class ptrs, g1 gc, windows-amd64)
GC Precious Log:
 CardTable entry size: 512
 Card Set container configuration: InlinePtr #cards 5 size 8 Array Of Cards #cards 12 size 40 Howl #buckets 4 coarsen threshold 1843 Howl Bitmap #cards 512 size 80 coarsen threshold 460 Card regions per heap region 1 cards per card region 2048
 CPUs: 4 total, 4 available
 Memory: 7973M
 Large Page Support: Disabled
 NUMA Support: Disabled
 Compressed Oops: Enabled (32-bit)
 Heap Region Size: 1M
 Heap Min Capacity: 8M
 Heap Initial Capacity: 126M
 Heap Max Capacity: 2G
 Pre-touch: Disabled
 Parallel Workers: 4
 Concurrent Workers: 1
 Concurrent Refinement Workers: 4
 Periodic GC: Disabled
Heap:
 garbage-first heap   total 304128K, used 181307K [0x0000000080000000, 0x0000000100000000)
  region size 1024K, 45 young (46080K), 9 survivors (9216K)
 Metaspace       used 132429K, committed 134720K, reserved 1179648K
  class space    used 17640K, committed 18816K, reserved 1048576K
GC Heap History (20 events):
Event: 30.148 GC heap before
{Heap before GC invocations=49 (full 0):
 garbage-first heap   total 184320K, used 143588K [0x0000000080000000, 0x0000000100000000)
  region size 1024K, 38 young (38912K), 4 survivors (4096K)
 Metaspace       used 110752K, committed 112896K, reserved 1179648K
  class space    used 15387K, committed 16448K, reserved 1048576K
}
Event: 30.155 GC heap after
{Heap after GC invocations=50 (full 0):
 garbage-first heap   total 184320K, used 112721K [0x0000000080000000, 0x0000000100000000)
  region size 1024K, 6 young (6144K), 6 survivors (6144K)
 Metaspace       used 110752K, committed 112896K, reserved 1179648K
  class space    used 15387K, committed 16448K, reserved 1048576K
}
Event: 31.585 GC heap before
{Heap before GC invocations=51 (full 0):
 garbage-first heap   total 208896K, used 173137K [0x0000000080000000, 0x0000000100000000)
  region size 1024K, 58 young (59392K), 6 survivors (6144K)
 Metaspace       used 113295K, committed 115392K, reserved 1179648K
  class space    used 15588K, committed 16640K, reserved 1048576K
}
Event: 31.604 GC heap after
{Heap after GC invocations=52 (full 0):
 garbage-first heap   total 208896K, used 131349K [0x0000000080000000, 0x0000000100000000)
  region size 1024K, 8 young (8192K), 8 survivors (8192K)
 Metaspace       used 113295K, committed 115392K, reserved 1179648K
  class space    used 15588K, committed 16640K, reserved 1048576K
}
Event: 32.324 GC heap before
{Heap before GC invocations=52 (full 0):
 garbage-first heap   total 208896K, used 179477K [0x0000000080000000, 0x0000000100000000)
  region size 1024K, 53 young (54272K), 8 survivors (8192K)
 Metaspace       used 114170K, committed 116352K, reserved 1179648K
  class space    used 15683K, committed 16768K, reserved 1048576K
}
Event: 32.339 GC heap after
{Heap after GC invocations=53 (full 0):
 garbage-first heap   total 208896K, used 137728K [0x0000000080000000, 0x0000000100000000)
  region size 1024K, 6 young (6144K), 6 survivors (6144K)
 Metaspace       used 114170K, committed 116352K, reserved 1179648K
  class space    used 15683K, committed 16768K, reserved 1048576K
}
Event: 32.823 GC heap before
{Heap before GC invocations=53 (full 0):
 garbage-first heap   total 208896K, used 172544K [0x0000000080000000, 0x0000000100000000)
  region size 1024K, 42 young (43008K), 6 survivors (6144K)
 Metaspace       used 116414K, committed 118592K, reserved 1179648K
  class space    used 15963K, committed 17024K, reserved 1048576K
}
Event: 32.836 GC heap after
{Heap after GC invocations=54 (full 0):
 garbage-first heap   total 250880K, used 145405K [0x0000000080000000, 0x0000000100000000)
  region size 1024K, 7 young (7168K), 7 survivors (7168K)
 Metaspace       used 116414K, committed 118592K, reserved 1179648K
  class space    used 15963K, committed 17024K, reserved 1048576K
}
Event: 32.844 GC heap before
{Heap before GC invocations=54 (full 0):
 garbage-first heap   total 250880K, used 146429K [0x0000000080000000, 0x0000000100000000)
  region size 1024K, 8 young (8192K), 7 survivors (7168K)
 Metaspace       used 116414K, committed 118592K, reserved 1179648K
  class space    used 15963K, committed 17024K, reserved 1048576K
}
Event: 32.851 GC heap after
{Heap after GC invocations=55 (full 0):
 garbage-first heap   total 250880K, used 146661K [0x0000000080000000, 0x0000000100000000)
  region size 1024K, 1 young (1024K), 1 survivors (1024K)
 Metaspace       used 116414K, committed 118592K, reserved 1179648K
  class space    used 15963K, committed 17024K, reserved 1048576K
}
Event: 34.892 GC heap before
{Heap before GC invocations=56 (full 0):
 garbage-first heap   total 304128K, used 242917K [0x0000000080000000, 0x0000000100000000)
  region size 1024K, 74 young (75776K), 1 survivors (1024K)
 Metaspace       used 120014K, committed 122176K, reserved 1179648K
  class space    used 16313K, committed 17408K, reserved 1048576K
}
Event: 34.909 GC heap after
{Heap after GC invocations=57 (full 0):
 garbage-first heap   total 304128K, used 160854K [0x0000000080000000, 0x0000000100000000)
  region size 1024K, 8 young (8192K), 8 survivors (8192K)
 Metaspace       used 120014K, committed 122176K, reserved 1179648K
  class space    used 16313K, committed 17408K, reserved 1048576K
}
Event: 37.302 GC heap before
{Heap before GC invocations=57 (full 0):
 garbage-first heap   total 304128K, used 276566K [0x0000000080000000, 0x0000000100000000)
  region size 1024K, 121 young (123904K), 8 survivors (8192K)
 Metaspace       used 123358K, committed 125504K, reserved 1179648K
  class space    used 16653K, committed 17728K, reserved 1048576K
}
Event: 37.344 GC heap after
{Heap after GC invocations=58 (full 0):
 garbage-first heap   total 304128K, used 162156K [0x0000000080000000, 0x0000000100000000)
  region size 1024K, 10 young (10240K), 10 survivors (10240K)
 Metaspace       used 123358K, committed 125504K, reserved 1179648K
  class space    used 16653K, committed 17728K, reserved 1048576K
}
Event: 40.092 GC heap before
{Heap before GC invocations=58 (full 0):
 garbage-first heap   total 304128K, used 273772K [0x0000000080000000, 0x0000000100000000)
  region size 1024K, 120 young (122880K), 10 survivors (10240K)
 Metaspace       used 124543K, committed 126784K, reserved 1179648K
  class space    used 16782K, committed 17920K, reserved 1048576K
}
Event: 40.123 GC heap after
{Heap after GC invocations=59 (full 0):
 garbage-first heap   total 304128K, used 156788K [0x0000000080000000, 0x0000000100000000)
  region size 1024K, 12 young (12288K), 12 survivors (12288K)
 Metaspace       used 124543K, committed 126784K, reserved 1179648K
  class space    used 16782K, committed 17920K, reserved 1048576K
}
Event: 45.081 GC heap before
{Heap before GC invocations=59 (full 0):
 garbage-first heap   total 304128K, used 273524K [0x0000000080000000, 0x0000000100000000)
  region size 1024K, 127 young (130048K), 12 survivors (12288K)
 Metaspace       used 125148K, committed 127360K, reserved 1179648K
  class space    used 16843K, committed 17984K, reserved 1048576K
}
Event: 45.104 GC heap after
{Heap after GC invocations=60 (full 0):
 garbage-first heap   total 304128K, used 160486K [0x0000000080000000, 0x0000000100000000)
  region size 1024K, 11 young (11264K), 11 survivors (11264K)
 Metaspace       used 125148K, committed 127360K, reserved 1179648K
  class space    used 16843K, committed 17984K, reserved 1048576K
}
Event: 47.509 GC heap before
{Heap before GC invocations=61 (full 0):
 garbage-first heap   total 304128K, used 260838K [0x0000000080000000, 0x0000000100000000)
  region size 1024K, 124 young (126976K), 11 survivors (11264K)
 Metaspace       used 128926K, committed 131200K, reserved 1179648K
  class space    used 17159K, committed 18304K, reserved 1048576K
}
Event: 47.570 GC heap after
{Heap after GC invocations=62 (full 0):
 garbage-first heap   total 304128K, used 146491K [0x0000000080000000, 0x0000000100000000)
  region size 1024K, 9 young (9216K), 9 survivors (9216K)
 Metaspace       used 128926K, committed 131200K, reserved 1179648K
  class space    used 17159K, committed 18304K, reserved 1048576K
}

